124:11-16 02:18:53.582  4210  4236 I SurfaceFlinger: id=153091 createSurf (0x0),-1 flag=80004, 7508dfb com.android.todolist/com.android.todolist.MainActivity#0
125:11-16 02:18:53.585  4571  4629 V WindowManager: Changing focus from Window{942b256 u0 com.android.todolist/com.android.todolist.MainActivity} to Window{7508dfb u0 com.android.todolist/com.android.todolist.MainActivity} displayId=0 Callers=com.android.server.wm.RootWindowContainer.updateFocusedWindowLocked:567 com.android.server.wm.WindowManagerService.updateFocusedWindowLocked:6297 com.android.server.wm.WindowManagerService.addWindow:1958 com.android.server.wm.Session.addToDisplayAsUser:182 
156:11-16 02:18:53.604  4571  4629 V WindowManager: Relayout Window{7508dfb u0 com.android.todolist/com.android.todolist.MainActivity}: viewVisibility=0 req=1024x582
158:11-16 02:18:53.607  4210  5099 I SurfaceFlinger: id=153094 createSurf (1192x750),1 flag=4, com.android.todolist/com.android.todolist.MainActivity$_2812#1
159:11-16 02:18:53.610  4571  4629 D WindowManager: makeSurface duration=3 name=com.android.todolist/com.android.todolist.MainActivity$_2812
168:11-16 02:18:53.611  4571  4629 I SurfaceControl: release : mNativeObject = 476071655712 - Surface(name=com.android.todolist/com.android.todolist.MainActivity$_2812)/@0x46d82ad / android.view.SurfaceControl.writeToParcel:1136 android.view.IWindowSession$Stub.onTransact:925 com.android.server.wm.Session.onTransact:145 android.os.Binder.execTransactInternal:1190 
188:11-16 02:18:53.630  4571  4629 D WindowManager: finishDrawingWindow: Window{7508dfb u0 com.android.todolist/com.android.todolist.MainActivity} mDrawState=DRAW_PENDING
189:11-16 02:18:53.634  4571  4635 I WindowManager: Reparenting to leash, surface=Surface(name=7508dfb com.android.todolist/com.android.todolist.MainActivity)/@0xf3f89e2, leashParent=Surface(name=ActivityRecord{c81c432 u0 com.android.todolist/.MainActivity t1320})/@0xdb3f583
190:11-16 02:18:53.635  4210  5099 I SurfaceFlinger: id=153095 createSurf (0x0),-1 flag=24004, Surface(name=7508dfb com.android.todolist/com.android.todolist.MainActivity)/@0xf3f89e2 - animation-leash#0
191:11-16 02:18:53.637  4571  4635 D WindowManager: makeSurface duration=2 leash=Surface(name=Surface(name=7508dfb com.android.todolist/com.android.todolist.MainActivity)/@0xf3f89e2 - animation-leash)/@0xdcc173
232:11-16 02:18:53.654  2812  2812 V InputMethodManager: Starting input: tba=com.android.todolist ic=null mNaviBarColor -855310 mIsGetNaviBarColorSuccess true , NavVisible : true , NavTrans : false
292:11-16 02:18:53.690  4210  4210 D SurfaceFlinger:      DEVICE | 0x79a4e14a80 | 0002 | RGBA_8888    |    0.0    0.0 1080.0 2340.0 |    0    0 1080 2340 | com.android.todolist/com.android.todolist.MainActivity$_2812#0
294:11-16 02:18:53.690  4210  4210 D SurfaceFlinger:      DEVICE | 0x7a26839880 | 0000 | RGBA_8888    |   56.0    0.0 1136.0  750.0 |    0  817 1080 1567 | com.android.todolist/com.android.todolist.MainActivity$_2812#1
303:11-16 02:18:53.797  4571  4635 I WindowManager: Reparenting to original parent: Surface(name=ActivityRecord{c81c432 u0 com.android.todolist/.MainActivity t1320})/@0xdb3f583, destroy=true, surface=Surface(name=7508dfb com.android.todolist/com.android.todolist.MainActivity)/@0xf3f89e2
304:11-16 02:18:53.798  4571  4635 I SurfaceControl: release : mNativeObject = 478383205856 - Surface(name=Surface(name=7508dfb com.android.todolist/com.android.todolist.MainActivity)/@0xf3f89e2 - animation-leash)/@0xdcc173 / android.view.SurfaceControl$Transaction.remove:3449 com.android.server.wm.SurfaceAnimator.removeLeash:418 com.android.server.wm.SurfaceAnimator.reset:384 com.android.server.wm.SurfaceAnimator.lambda$getFinishedCallback$0$SurfaceAnimator:110 
307:11-16 02:18:53.800  4210  4235 I Layer   : id=153095 removeFromCurrentState Surface(name=7508dfb com.android.todolist/com.android.todolist.MainActivity)/@0xf3f89e2 - animation-leash#0 (75)
308:11-16 02:18:53.801  4210  4235 I SurfaceFlinger: id=153095 Removed Surface(name=7508dfb com.android.todolist/com.android.todolist.MainActivity)/@0xf3f89e2 - animation-leash#0 (75)
315:11-16 02:18:53.814  4210  4210 I Layer   : id=153095[1] Destroyed Surface(name=7508dfb com.android.todolist/com.android.todolist.MainActivity)/@0xf3f89e2 - animation-leash#0
336:11-16 02:18:54.705  2812  2812 V InputMethodManager: Starting input: tba=com.android.todolist ic=com.android.internal.widget.EditableInputConnection@36f41c8 mNaviBarColor -855310 mIsGetNaviBarColorSuccess true , NavVisible : true , NavTrans : false
347:11-16 02:18:54.724  2812  2812 D InputMethodManager: SSI - flag : 0 Pid : 2812 view : com.android.todolist
400:11-16 02:18:54.750  4571  4629 D ContentCapturePerUserService: Notified activity assist data for activity: Token{ee5f43d ActivityRecord{c81c432 u0 com.android.todolist/.MainActivity t1320}} without a session Id
498:11-16 02:18:54.854  4571  4635 D WindowManager: showInsets: types=0x8, fromIme=true, win=Window{7508dfb u0 com.android.todolist/com.android.todolist.MainActivity}, from=com.android.server.wm.ImeInsetsSourceProvider.lambda$scheduleShowImePostLayout$0$ImeInsetsSourceProvider:92 com.android.server.wm.-$$Lambda$ImeInsetsSourceProvider$1aCwANZDoNIzXR0mfeN2iV_k2Yo.run:2 com.android.server.wm.ImeInsetsSourceProvider.checkShowImePostLayout:121 com.android.server.wm.DisplayContent.applySurfaceChangesTransaction:4901 com.android.server.wm.RootWindowContainer.applySurfaceChangesTransaction:1291 com.android.server.wm.RootWindowContainer.performSurfacePlacementNoTrace:1020 com.android.server.wm.RootWindowContainer.performSurfacePlacement:958 com.android.server.wm.WindowSurfacePlacer.performSurfacePlacementLoop:182 com.android.server.wm.WindowSurfacePlacer.performSurfacePlacement:131 com.android.server.wm.WindowSurfacePlacer.performSurfacePlacement:120 
501:11-16 02:18:54.856  2812  2812 D InsetsSourceConsumer: setRequestedVisible: visible=true, type=13, host=com.android.todolist/com.android.todolist.MainActivity, from=android.view.InsetsSourceConsumer.show:229 android.view.InsetsController.showDirectly:1437 android.view.InsetsController.controlAnimationUnchecked:1110 android.view.InsetsController.applyAnimation:1417 android.view.InsetsController.show:962 android.view.ViewRootImpl$ViewRootHandler.handleMessage:6159 android.os.Handler.dispatchMessage:106 android.os.Looper.loop:246 android.app.ActivityThread.main:8512 java.lang.reflect.Method.invoke:-2 
504:11-16 02:18:54.858  4571  9641 D InsetsSourceProvider: updateVisibility: serverVisible=true, clientVisible=true, source=InsetsSource: {mType=ITYPE_IME, mFrame=[0,1413][1080,2340], mVisible=true}, controlTarget=Window{7508dfb u0 com.android.todolist/com.android.todolist.MainActivity}, from=com.android.server.wm.InsetsSourceProvider.setClientVisible:378 com.android.server.wm.InsetsSourceProvider.onInsetsModified:363 com.android.server.wm.InsetsStateController.onInsetsModified:416 com.android.server.wm.InsetsPolicy.onInsetsModified:320 com.android.server.wm.Session.insetsModified:512 android.view.IWindowSession$Stub.onTransact:1398 com.android.server.wm.Session.onTransact:145 android.os.Binder.execTransactInternal:1195 android.os.Binder.execTransact:1159 <bottom of call stack> 
508:11-16 02:18:54.871  4571  4634 I WindowManager: Reparenting to leash, surface=Surface(name=7508dfb com.android.todolist/com.android.todolist.MainActivity)/@0xf3f89e2, leashParent=Surface(name=ActivityRecord{c81c432 u0 com.android.todolist/.MainActivity t1320})/@0xdb3f583
509:11-16 02:18:54.871  4210  4236 I SurfaceFlinger: id=153100 createSurf (0x0),-1 flag=24000, Surface(name=7508dfb com.android.todolist/com.android.todolist.MainActivity)/@0xf3f89e2 - animation-leash#0
511:11-16 02:18:54.873  4571  4634 D WindowManager: makeSurface duration=2 leash=Surface(name=Surface(name=7508dfb com.android.todolist/com.android.todolist.MainActivity)/@0xf3f89e2 - animation-leash)/@0xba1a389
537:11-16 02:18:54.907  4210  4210 D SurfaceFlinger:      DEVICE | 0x79a4e15480 | 0002 | RGBA_8888    |    0.0    0.0 1080.0 2340.0 |    0    0 1080 2340 | com.android.todolist/com.android.todolist.MainActivity$_2812#0
539:11-16 02:18:54.907  4210  4210 D SurfaceFlinger:      DEVICE | 0x7a26839880 | 0000 | RGBA_8888    |   56.0    0.0 1136.0  750.0 |    0  817 1080 1567 | com.android.todolist/com.android.todolist.MainActivity$_2812#1
564:11-16 02:18:54.925  4571  5010 V WindowManager: Relayout Window{942b256 u0 com.android.todolist/com.android.todolist.MainActivity}: viewVisibility=0 req=1080x2340
573:11-16 02:18:54.928  4571  5010 I SurfaceControl: release : mNativeObject = 478383209600 - Surface(name=com.android.todolist/com.android.todolist.MainActivity$_2812)/@0xead3ac1 / android.view.SurfaceControl.writeToParcel:1136 android.view.IWindowSession$Stub.onTransact:925 com.android.server.wm.Session.onTransact:145 android.os.Binder.execTransactInternal:1190 
576:11-16 02:18:54.929  2812  2812 I SurfaceControl: release : mNativeObject = 476464617152 - Surface(name=com.android.todolist/com.android.todolist.MainActivity$_2812)/@0x2e1147d / android.view.SurfaceControl.assignNativeObject:567 android.view.SurfaceControl.readFromParcel:1115 android.view.IWindowSession$Stub$Proxy.relayout:1810 android.view.ViewRootImpl.relayoutWindow:9018 
581:11-16 02:18:54.932  4210  4236 E BufferQueueProducer: [com.android.todolist/com.android.todolist.MainActivity$_2812#0](id:107200007ea9,api:0,p:-1,c:4210) disconnect: not connected (req=1)
589:11-16 02:18:54.949  4571  5010 D WindowManager: finishDrawingWindow: Window{942b256 u0 com.android.todolist/com.android.todolist.MainActivity} mDrawState=HAS_DRAWN
646:11-16 02:18:55.284  4571  4635 I WindowManager: Reparenting to original parent: Surface(name=ActivityRecord{c81c432 u0 com.android.todolist/.MainActivity t1320})/@0xdb3f583, destroy=true, surface=Surface(name=7508dfb com.android.todolist/com.android.todolist.MainActivity)/@0xf3f89e2
647:11-16 02:18:55.285  4571  4635 I SurfaceControl: release : mNativeObject = 478382029792 - Surface(name=Surface(name=7508dfb com.android.todolist/com.android.todolist.MainActivity)/@0xf3f89e2 - animation-leash)/@0xba1a389 / android.view.SurfaceControl$Transaction.remove:3449 com.android.server.wm.SurfaceAnimator.removeLeash:418 com.android.server.wm.SurfaceAnimator.reset:384 com.android.server.wm.SurfaceAnimator.lambda$getFinishedCallback$0$SurfaceAnimator:110 
650:11-16 02:18:55.303  4210  4235 I Layer   : id=153100 removeFromCurrentState Surface(name=7508dfb com.android.todolist/com.android.todolist.MainActivity)/@0xf3f89e2 - animation-leash#0 (75)
651:11-16 02:18:55.304  4210  4501 I SurfaceFlinger: id=153100 Removed Surface(name=7508dfb com.android.todolist/com.android.todolist.MainActivity)/@0xf3f89e2 - animation-leash#0 (75)
654:11-16 02:18:55.317  4210  4210 I Layer   : id=153100[1] Destroyed Surface(name=7508dfb com.android.todolist/com.android.todolist.MainActivity)/@0xf3f89e2 - animation-leash#0
706:11-16 02:18:55.592  4571  4571 D GameManagerService: identifyGamePackage. com.android.todolist, mCurrentUserId: 0, callerUserId: 0
707:11-16 02:18:55.592  4571  4571 D PkgDataHelper: getGamePkgData(). com.android.todolist
713:11-16 02:18:55.595  4571  4571 D GameManagerService: identifyGamePackage. com.android.todolist, mCurrentUserId: 0, callerUserId: 0
714:11-16 02:18:55.595  4571  4571 D PkgDataHelper: getGamePkgData(). com.android.todolist
867:11-16 02:18:56.049  4571  4571 D GameManagerService: identifyGamePackage. com.android.todolist, mCurrentUserId: 0, callerUserId: 0
868:11-16 02:18:56.049  4571  4571 D PkgDataHelper: getGamePkgData(). com.android.todolist
875:11-16 02:18:56.051  4571  4571 D GameManagerService: identifyGamePackage. com.android.todolist, mCurrentUserId: 0, callerUserId: 0
876:11-16 02:18:56.051  4571  4571 D PkgDataHelper: getGamePkgData(). com.android.todolist
921:11-16 02:18:56.761  4210  5099 E BufferQueueProducer: [com.android.todolist/com.android.todolist.MainActivity$_2812#1](id:107200007eab,api:0,p:-1,c:4210) disconnect: not connected (req=1)
926:11-16 02:18:56.763  2812  2812 I SurfaceControl: release : mNativeObject = 476618368640 - Surface(name=com.android.todolist/com.android.todolist.MainActivity$_2812)/@0xcaca0be / android.view.ViewRootImpl.destroySurface:2497 android.view.ViewRootImpl.dispatchDetachedFromWindow:5719 android.view.ViewRootImpl.doDie:9350 android.view.ViewRootImpl.die:9327 
930:11-16 02:18:56.764  4571  5010 I WindowManager: Reparenting to leash, surface=Surface(name=7508dfb com.android.todolist/com.android.todolist.MainActivity)/@0xf3f89e2, leashParent=Surface(name=ActivityRecord{c81c432 u0 com.android.todolist/.MainActivity t1320})/@0xdb3f583
931:11-16 02:18:56.765  4210  5099 I SurfaceFlinger: id=153101 createSurf (0x0),-1 flag=24000, Surface(name=7508dfb com.android.todolist/com.android.todolist.MainActivity)/@0xf3f89e2 - animation-leash#0
933:11-16 02:18:56.767  4571  5010 D WindowManager: makeSurface duration=2 leash=Surface(name=Surface(name=7508dfb com.android.todolist/com.android.todolist.MainActivity)/@0xf3f89e2 - animation-leash)/@0x411f83e
934:11-16 02:18:56.768  4571  5010 V WindowManager: removeIfPossible 2, Window{7508dfb u0 com.android.todolist/com.android.todolist.MainActivity}: mAnimatingExit=true caller=com.android.server.wm.WindowState.removeIfPossible:2688 com.android.server.wm.WindowManagerService.removeWindow:2183 com.android.server.wm.Session.remove:199 android.view.IWindowSession$Stub.onTransact:813 com.android.server.wm.Session.onTransact:145 
935:11-16 02:18:56.768  4571  5010 V WindowManager: Changing focus from Window{7508dfb u0 com.android.todolist/com.android.todolist.MainActivity EXITING} to Window{942b256 u0 com.android.todolist/com.android.todolist.MainActivity} displayId=0 Callers=com.android.server.wm.RootWindowContainer.updateFocusedWindowLocked:567 com.android.server.wm.WindowManagerService.updateFocusedWindowLocked:6297 com.android.server.wm.WindowState.setupWindowForRemoveOnExit:2853 com.android.server.wm.WindowState.removeIfPossible:2822 
979:11-16 02:18:56.831  2812  2812 V InputMethodManager: Starting input: tba=com.android.todolist ic=null mNaviBarColor -855310 mIsGetNaviBarColorSuccess true , NavVisible : true , NavTrans : false
996:11-16 02:18:56.847  2812  2812 D InsetsSourceConsumer: setRequestedVisible: visible=false, type=13, host=com.android.todolist/com.android.todolist.MainActivity, from=android.view.InsetsSourceConsumer.hide:236 android.view.ImeInsetsSourceConsumer.hide:101 android.view.InsetsController.hideDirectly:1430 android.view.InsetsController.controlAnimationUnchecked:1112 android.view.InsetsController.applyAnimation:1417 android.view.InsetsController.hide:984 android.view.ViewRootImpl$ViewRootHandler.handleMessage:6163 android.os.Handler.dispatchMessage:106 android.os.Looper.loop:246 android.app.ActivityThread.main:8512 
1002:11-16 02:18:56.852  4571  9641 D InsetsSourceProvider: updateVisibility: serverVisible=true, clientVisible=false, source=InsetsSource: {mType=ITYPE_IME, mFrame=[0,1413][1080,2340], mVisible=false}, controlTarget=Window{7508dfb u0 com.android.todolist/com.android.todolist.MainActivity EXITING}, from=com.android.server.wm.InsetsSourceProvider.setClientVisible:378 com.android.server.wm.InsetsSourceProvider.onInsetsModified:363 com.android.server.wm.InsetsStateController.onInsetsModified:416 com.android.server.wm.InsetsPolicy.onInsetsModified:320 com.android.server.wm.Session.insetsModified:512 android.view.IWindowSession$Stub.onTransact:1398 com.android.server.wm.Session.onTransact:145 android.os.Binder.execTransactInternal:1195 android.os.Binder.execTransact:1159 <bottom of call stack> 
1126:11-16 02:18:56.925  4571  4635 I WindowManager: Reparenting to original parent: Surface(name=ActivityRecord{c81c432 u0 com.android.todolist/.MainActivity t1320})/@0xdb3f583, destroy=true, surface=Surface(name=7508dfb com.android.todolist/com.android.todolist.MainActivity)/@0xf3f89e2
1127:11-16 02:18:56.925  4571  4635 I SurfaceControl: release : mNativeObject = 478383209888 - Surface(name=Surface(name=7508dfb com.android.todolist/com.android.todolist.MainActivity)/@0xf3f89e2 - animation-leash)/@0x411f83e / android.view.SurfaceControl$Transaction.remove:3449 com.android.server.wm.SurfaceAnimator.removeLeash:418 com.android.server.wm.SurfaceAnimator.reset:384 com.android.server.wm.SurfaceAnimator.lambda$getFinishedCallback$0$SurfaceAnimator:110 
1130:11-16 02:18:56.926  4571  4635 D SurfaceControl: hide : mNativeObject = 476245720480 - sc.mNativeObject = 476071658304 - Surface(name=com.android.todolist/com.android.todolist.MainActivity$_2812)/@0xbcaecee
1133:11-16 02:18:56.926  4571  4635 D SurfaceControl: nativeSetFlags Done : Surface(name=com.android.todolist/com.android.todolist.MainActivity$_2812)/@0xbcaecee
1138:11-16 02:18:56.927  4210  4210 D SurfaceFlinger:      DEVICE | 0x79a4e14440 | 0002 | RGBA_8888    |    0.0    0.0 1080.0 2340.0 |    0    0 1080 2340 | com.android.todolist/com.android.todolist.MainActivity$_2812#0
1140:11-16 02:18:56.927  4210  4210 D SurfaceFlinger:      DEVICE | 0x7a26838340 | 0000 | RGBA_8888    |   56.0    0.0 1136.0  750.0 |    0  373 1080 1123 | com.android.todolist/com.android.todolist.MainActivity$_2812#1
1151:11-16 02:18:56.927  4571  4635 E WindowManager: win=Window{7508dfb u0 com.android.todolist/com.android.todolist.MainActivity EXITING} destroySurfaces: appStopped=false win.mWindowRemovalAllowed=true win.mRemoveOnExit=true win.mViewVisibility=0 caller=com.android.server.wm.ActivityRecord.destroySurfaces:5251 com.android.server.wm.ActivityRecord.destroySurfaces:5232 com.android.server.wm.WindowState.onExitAnimationDone:5623 com.android.server.wm.WindowStateAnimator.onAnimationFinished:332 com.android.server.wm.WindowState.onAnimationFinished:6088 com.android.server.wm.-$$Lambda$dwJG8BAnLlvKNGuDY9U3-haNY4M.onAnimationFinished:2 com.android.server.wm.SurfaceAnimator.lambda$getFinishedCallback$0$SurfaceAnimator:112 
1154:11-16 02:18:56.927  4571  4635 I WindowManager: Destroying surface Surface(name=com.android.todolist/com.android.todolist.MainActivity$_2812)/@0xbcaecee called by com.android.server.wm.WindowStateAnimator.destroySurface:1794 com.android.server.wm.WindowStateAnimator.destroySurfaceLocked:765 com.android.server.wm.WindowState.destroySurfaceUnchecked:3918 com.android.server.wm.WindowState.destroySurface:3892 com.android.server.wm.ActivityRecord.destroySurfaces:5251 com.android.server.wm.ActivityRecord.destroySurfaces:5232 com.android.server.wm.WindowState.onExitAnimationDone:5623 com.android.server.wm.WindowStateAnimator.onAnimationFinished:332 
1155:11-16 02:18:56.928  4571  4635 I SurfaceControl: release : mNativeObject = 476071658304 - Surface(name=com.android.todolist/com.android.todolist.MainActivity$_2812)/@0xbcaecee / android.view.SurfaceControl$Transaction.remove:3449 com.android.server.wm.WindowSurfaceController.destroyNotInTransaction:225 com.android.server.wm.WindowStateAnimator.destroySurface:1794 com.android.server.wm.WindowStateAnimator.destroySurfaceLocked:765 
1159:11-16 02:18:56.929  4210  4235 I Layer   : id=153094 removeFromCurrentState com.android.todolist/com.android.todolist.MainActivity$_2812#1 (78)
1160:11-16 02:18:56.931  4571  4635 I SurfaceControl: release : mNativeObject = 476071658016 - Surface(name=7508dfb com.android.todolist/com.android.todolist.MainActivity)/@0xf3f89e2 / android.view.SurfaceControl$Transaction.remove:3449 com.android.server.wm.WindowContainer.removeImmediately:649 com.android.server.wm.WindowState.removeImmediately:2601 com.android.server.wm.WindowState.destroySurface:3895 
1163:11-16 02:18:56.935  4210  4235 I Layer   : id=153091 removeFromCurrentState 7508dfb com.android.todolist/com.android.todolist.MainActivity#0 (78)
1164:11-16 02:18:56.935  4210  4235 I Layer   : id=153101 removeFromCurrentState Surface(name=7508dfb com.android.todolist/com.android.todolist.MainActivity)/@0xf3f89e2 - animation-leash#0 (78)
1165:11-16 02:18:56.936  4210  4235 I SurfaceFlinger: id=153094 Removed com.android.todolist/com.android.todolist.MainActivity$_2812#1 (78)
1166:11-16 02:18:56.936  4210  4501 I SurfaceFlinger: id=153091 Removed 7508dfb com.android.todolist/com.android.todolist.MainActivity#0 (78)
1167:11-16 02:18:56.936  4210  4501 I SurfaceFlinger: id=153101 Removed Surface(name=7508dfb com.android.todolist/com.android.todolist.MainActivity)/@0xf3f89e2 - animation-leash#0 (78)
1170:11-16 02:18:56.937  4210  4210 I Layer   : id=153101[1] Destroyed Surface(name=7508dfb com.android.todolist/com.android.todolist.MainActivity)/@0xf3f89e2 - animation-leash#0
1171:11-16 02:18:56.937  4210  4210 I Layer   : id=153091[1] Destroyed 7508dfb com.android.todolist/com.android.todolist.MainActivity#0
1172:11-16 02:18:56.939  4210  4210 I Layer   : id=153094[1] Destroyed com.android.todolist/com.android.todolist.MainActivity$_2812#1
1176:11-16 02:18:56.942  4210  4210 D SurfaceFlinger:      DEVICE | 0x79a4e12500 | 0002 | RGBA_8888    |    0.0    0.0 1080.0 2340.0 |    0    0 1080 2340 | com.android.todolist/com.android.todolist.MainActivity$_2812#0
1271:11-16 02:18:57.960  4210  5091 I SurfaceFlinger: id=153106 createSurf (0x0),-1 flag=80004, 78c7208 com.android.todolist/com.android.todolist.MainActivity#0
1272:11-16 02:18:57.962  4571 11721 V WindowManager: Changing focus from Window{942b256 u0 com.android.todolist/com.android.todolist.MainActivity} to Window{78c7208 u0 com.android.todolist/com.android.todolist.MainActivity} displayId=0 Callers=com.android.server.wm.RootWindowContainer.updateFocusedWindowLocked:567 com.android.server.wm.WindowManagerService.updateFocusedWindowLocked:6297 com.android.server.wm.WindowManagerService.addWindow:1958 com.android.server.wm.Session.addToDisplayAsUser:182 
1299:11-16 02:18:57.984  4571 11721 V WindowManager: Relayout Window{78c7208 u0 com.android.todolist/com.android.todolist.MainActivity}: viewVisibility=0 req=1024x582
1301:11-16 02:18:57.989  4210  5091 I SurfaceFlinger: id=153109 createSurf (1192x750),1 flag=4, com.android.todolist/com.android.todolist.MainActivity$_2812#1
1303:11-16 02:18:57.992  4571 11721 D WindowManager: makeSurface duration=4 name=com.android.todolist/com.android.todolist.MainActivity$_2812
1312:11-16 02:18:57.995  4571 11721 I SurfaceControl: release : mNativeObject = 476071658592 - Surface(name=com.android.todolist/com.android.todolist.MainActivity$_2812)/@0xb5abe52 / android.view.SurfaceControl.writeToParcel:1136 android.view.IWindowSession$Stub.onTransact:925 com.android.server.wm.Session.onTransact:145 android.os.Binder.execTransactInternal:1190 
1331:11-16 02:18:58.012  4571 11721 D WindowManager: finishDrawingWindow: Window{78c7208 u0 com.android.todolist/com.android.todolist.MainActivity} mDrawState=DRAW_PENDING
1332:11-16 02:18:58.015  4571  4635 I WindowManager: Reparenting to leash, surface=Surface(name=78c7208 com.android.todolist/com.android.todolist.MainActivity)/@0x10c3523, leashParent=Surface(name=ActivityRecord{c81c432 u0 com.android.todolist/.MainActivity t1320})/@0xdb3f583
1333:11-16 02:18:58.016  4210  5091 I SurfaceFlinger: id=153110 createSurf (0x0),-1 flag=24004, Surface(name=78c7208 com.android.todolist/com.android.todolist.MainActivity)/@0x10c3523 - animation-leash#0
1334:11-16 02:18:58.017  4571  4635 D WindowManager: makeSurface duration=2 leash=Surface(name=Surface(name=78c7208 com.android.todolist/com.android.todolist.MainActivity)/@0x10c3523 - animation-leash)/@0x6757a20
1375:11-16 02:18:58.034  2812  2812 V InputMethodManager: Starting input: tba=com.android.todolist ic=null mNaviBarColor -855310 mIsGetNaviBarColorSuccess true , NavVisible : true , NavTrans : false
1435:11-16 02:18:58.065  4210  4210 D SurfaceFlinger:      DEVICE | 0x79a4e14440 | 0002 | RGBA_8888    |    0.0    0.0 1080.0 2340.0 |    0    0 1080 2340 | com.android.todolist/com.android.todolist.MainActivity$_2812#0
1437:11-16 02:18:58.065  4210  4210 D SurfaceFlinger:      DEVICE | 0x79a4e137c0 | 0000 | RGBA_8888    |   56.0    0.0 1136.0  750.0 |    0  817 1080 1567 | com.android.todolist/com.android.todolist.MainActivity$_2812#1
1446:11-16 02:18:58.174  4571  4635 I WindowManager: Reparenting to original parent: Surface(name=ActivityRecord{c81c432 u0 com.android.todolist/.MainActivity t1320})/@0xdb3f583, destroy=true, surface=Surface(name=78c7208 com.android.todolist/com.android.todolist.MainActivity)/@0x10c3523
1447:11-16 02:18:58.174  4571  4635 I SurfaceControl: release : mNativeObject = 478383210464 - Surface(name=Surface(name=78c7208 com.android.todolist/com.android.todolist.MainActivity)/@0x10c3523 - animation-leash)/@0x6757a20 / android.view.SurfaceControl$Transaction.remove:3449 com.android.server.wm.SurfaceAnimator.removeLeash:418 com.android.server.wm.SurfaceAnimator.reset:384 com.android.server.wm.SurfaceAnimator.lambda$getFinishedCallback$0$SurfaceAnimator:110 
1450:11-16 02:18:58.177  4210  5091 I Layer   : id=153110 removeFromCurrentState Surface(name=78c7208 com.android.todolist/com.android.todolist.MainActivity)/@0x10c3523 - animation-leash#0 (77)
1451:11-16 02:18:58.177  4210  5091 I SurfaceFlinger: id=153110 Removed Surface(name=78c7208 com.android.todolist/com.android.todolist.MainActivity)/@0x10c3523 - animation-leash#0 (77)
1458:11-16 02:18:58.191  4210  4210 I Layer   : id=153110[1] Destroyed Surface(name=78c7208 com.android.todolist/com.android.todolist.MainActivity)/@0x10c3523 - animation-leash#0
1479:11-16 02:18:58.927  2812  2812 V InputMethodManager: Starting input: tba=com.android.todolist ic=com.android.internal.widget.EditableInputConnection@49d2773 mNaviBarColor -855310 mIsGetNaviBarColorSuccess true , NavVisible : true , NavTrans : false
1490:11-16 02:18:58.942  2812  2812 D InputMethodManager: SSI - flag : 0 Pid : 2812 view : com.android.todolist
1525:11-16 02:18:58.971  4571 11729 D ContentCapturePerUserService: Notified activity assist data for activity: Token{ee5f43d ActivityRecord{c81c432 u0 com.android.todolist/.MainActivity t1320}} without a session Id
1646:11-16 02:18:59.103  4571  4635 D WindowManager: showInsets: types=0x8, fromIme=true, win=Window{78c7208 u0 com.android.todolist/com.android.todolist.MainActivity}, from=com.android.server.wm.ImeInsetsSourceProvider.lambda$scheduleShowImePostLayout$0$ImeInsetsSourceProvider:92 com.android.server.wm.-$$Lambda$ImeInsetsSourceProvider$1aCwANZDoNIzXR0mfeN2iV_k2Yo.run:2 com.android.server.wm.ImeInsetsSourceProvider.checkShowImePostLayout:121 com.android.server.wm.DisplayContent.applySurfaceChangesTransaction:4901 com.android.server.wm.RootWindowContainer.applySurfaceChangesTransaction:1291 com.android.server.wm.RootWindowContainer.performSurfacePlacementNoTrace:1020 com.android.server.wm.RootWindowContainer.performSurfacePlacement:958 com.android.server.wm.WindowSurfacePlacer.performSurfacePlacementLoop:182 com.android.server.wm.WindowSurfacePlacer.performSurfacePlacement:131 com.android.server.wm.WindowSurfacePlacer.performSurfacePlacement:120 
1663:11-16 02:18:59.104  2812  2812 D InsetsSourceConsumer: setRequestedVisible: visible=true, type=13, host=com.android.todolist/com.android.todolist.MainActivity, from=android.view.InsetsSourceConsumer.show:229 android.view.InsetsController.showDirectly:1437 android.view.InsetsController.controlAnimationUnchecked:1110 android.view.InsetsController.applyAnimation:1417 android.view.InsetsController.show:962 android.view.ViewRootImpl$ViewRootHandler.handleMessage:6159 android.os.Handler.dispatchMessage:106 android.os.Looper.loop:246 android.app.ActivityThread.main:8512 java.lang.reflect.Method.invoke:-2 
1687:11-16 02:18:59.115  4571 11721 D InsetsSourceProvider: updateVisibility: serverVisible=true, clientVisible=true, source=InsetsSource: {mType=ITYPE_IME, mFrame=[0,1413][1080,2340], mVisible=true}, controlTarget=Window{78c7208 u0 com.android.todolist/com.android.todolist.MainActivity}, from=com.android.server.wm.InsetsSourceProvider.setClientVisible:378 com.android.server.wm.InsetsSourceProvider.onInsetsModified:363 com.android.server.wm.InsetsStateController.onInsetsModified:416 com.android.server.wm.InsetsPolicy.onInsetsModified:320 com.android.server.wm.Session.insetsModified:512 android.view.IWindowSession$Stub.onTransact:1398 com.android.server.wm.Session.onTransact:145 android.os.Binder.execTransactInternal:1195 android.os.Binder.execTransact:1159 <bottom of call stack> 
1690:11-16 02:18:59.124  4571  4634 I WindowManager: Reparenting to leash, surface=Surface(name=78c7208 com.android.todolist/com.android.todolist.MainActivity)/@0x10c3523, leashParent=Surface(name=ActivityRecord{c81c432 u0 com.android.todolist/.MainActivity t1320})/@0xdb3f583
1692:11-16 02:18:59.125  4210  4236 I SurfaceFlinger: id=153115 createSurf (0x0),-1 flag=24000, Surface(name=78c7208 com.android.todolist/com.android.todolist.MainActivity)/@0x10c3523 - animation-leash#0
1696:11-16 02:18:59.126  4571  4634 D WindowManager: makeSurface duration=1 leash=Surface(name=Surface(name=78c7208 com.android.todolist/com.android.todolist.MainActivity)/@0x10c3523 - animation-leash)/@0xcc30103
1714:11-16 02:18:59.148  4210  4210 D SurfaceFlinger:      DEVICE | 0x7981907000 | 0002 | RGBA_8888    |    0.0    0.0 1080.0 2340.0 |    0    0 1080 2340 | com.android.todolist/com.android.todolist.MainActivity$_2812#0
1716:11-16 02:18:59.148  4210  4210 D SurfaceFlinger:      DEVICE | 0x79a4e137c0 | 0000 | RGBA_8888    |   56.0    0.0 1136.0  750.0 |    0  817 1080 1567 | com.android.todolist/com.android.todolist.MainActivity$_2812#1
1827:11-16 02:18:59.545  4571  4635 I WindowManager: Reparenting to original parent: Surface(name=ActivityRecord{c81c432 u0 com.android.todolist/.MainActivity t1320})/@0xdb3f583, destroy=true, surface=Surface(name=78c7208 com.android.todolist/com.android.todolist.MainActivity)/@0x10c3523
1828:11-16 02:18:59.545  4571  4635 I SurfaceControl: release : mNativeObject = 478382029312 - Surface(name=Surface(name=78c7208 com.android.todolist/com.android.todolist.MainActivity)/@0x10c3523 - animation-leash)/@0xcc30103 / android.view.SurfaceControl$Transaction.remove:3449 com.android.server.wm.SurfaceAnimator.removeLeash:418 com.android.server.wm.SurfaceAnimator.reset:384 com.android.server.wm.SurfaceAnimator.lambda$getFinishedCallback$0$SurfaceAnimator:110 
1831:11-16 02:18:59.561  4210  4235 I Layer   : id=153115 removeFromCurrentState Surface(name=78c7208 com.android.todolist/com.android.todolist.MainActivity)/@0x10c3523 - animation-leash#0 (71)
1832:11-16 02:18:59.562  4210  4501 I SurfaceFlinger: id=153115 Removed Surface(name=78c7208 com.android.todolist/com.android.todolist.MainActivity)/@0x10c3523 - animation-leash#0 (71)
1841:11-16 02:18:59.577  4210  4210 I Layer   : id=153115[1] Destroyed Surface(name=78c7208 com.android.todolist/com.android.todolist.MainActivity)/@0x10c3523 - animation-leash#0
2141:11-16 02:19:01.702  4210  5091 E BufferQueueProducer: [com.android.todolist/com.android.todolist.MainActivity$_2812#1](id:107200007ead,api:0,p:-1,c:4210) disconnect: not connected (req=1)
2146:11-16 02:19:01.703  2812  2812 I SurfaceControl: release : mNativeObject = 476618371808 - Surface(name=com.android.todolist/com.android.todolist.MainActivity$_2812)/@0xb586c31 / android.view.ViewRootImpl.destroySurface:2497 android.view.ViewRootImpl.dispatchDetachedFromWindow:5719 android.view.ViewRootImpl.doDie:9350 android.view.ViewRootImpl.die:9327 
2150:11-16 02:19:01.705  4571 11563 I WindowManager: Reparenting to leash, surface=Surface(name=78c7208 com.android.todolist/com.android.todolist.MainActivity)/@0x10c3523, leashParent=Surface(name=ActivityRecord{c81c432 u0 com.android.todolist/.MainActivity t1320})/@0xdb3f583
2151:11-16 02:19:01.705  4210  5091 I SurfaceFlinger: id=153116 createSurf (0x0),-1 flag=24000, Surface(name=78c7208 com.android.todolist/com.android.todolist.MainActivity)/@0x10c3523 - animation-leash#0
2152:11-16 02:19:01.707  4571 11563 D WindowManager: makeSurface duration=3 leash=Surface(name=Surface(name=78c7208 com.android.todolist/com.android.todolist.MainActivity)/@0x10c3523 - animation-leash)/@0xbb4f10c
2153:11-16 02:19:01.708  4571 11563 V WindowManager: removeIfPossible 2, Window{78c7208 u0 com.android.todolist/com.android.todolist.MainActivity}: mAnimatingExit=true caller=com.android.server.wm.WindowState.removeIfPossible:2688 com.android.server.wm.WindowManagerService.removeWindow:2183 com.android.server.wm.Session.remove:199 android.view.IWindowSession$Stub.onTransact:813 com.android.server.wm.Session.onTransact:145 
2154:11-16 02:19:01.709  4571 11563 V WindowManager: Changing focus from Window{78c7208 u0 com.android.todolist/com.android.todolist.MainActivity EXITING} to Window{942b256 u0 com.android.todolist/com.android.todolist.MainActivity} displayId=0 Callers=com.android.server.wm.RootWindowContainer.updateFocusedWindowLocked:567 com.android.server.wm.WindowManagerService.updateFocusedWindowLocked:6297 com.android.server.wm.WindowState.setupWindowForRemoveOnExit:2853 com.android.server.wm.WindowState.removeIfPossible:2822 
2202:11-16 02:19:01.774  2812  2812 V InputMethodManager: Starting input: tba=com.android.todolist ic=null mNaviBarColor -855310 mIsGetNaviBarColorSuccess true , NavVisible : true , NavTrans : false
2217:11-16 02:19:01.788  2812  2812 D InsetsSourceConsumer: setRequestedVisible: visible=false, type=13, host=com.android.todolist/com.android.todolist.MainActivity, from=android.view.InsetsSourceConsumer.hide:236 android.view.ImeInsetsSourceConsumer.hide:101 android.view.InsetsController.hideDirectly:1430 android.view.InsetsController.controlAnimationUnchecked:1112 android.view.InsetsController.applyAnimation:1417 android.view.InsetsController.hide:984 android.view.ViewRootImpl$ViewRootHandler.handleMessage:6163 android.os.Handler.dispatchMessage:106 android.os.Looper.loop:246 android.app.ActivityThread.main:8512 
2219:11-16 02:19:01.792  4571 11563 D InsetsSourceProvider: updateVisibility: serverVisible=true, clientVisible=false, source=InsetsSource: {mType=ITYPE_IME, mFrame=[0,1413][1080,2340], mVisible=false}, controlTarget=Window{78c7208 u0 com.android.todolist/com.android.todolist.MainActivity EXITING}, from=com.android.server.wm.InsetsSourceProvider.setClientVisible:378 com.android.server.wm.InsetsSourceProvider.onInsetsModified:363 com.android.server.wm.InsetsStateController.onInsetsModified:416 com.android.server.wm.InsetsPolicy.onInsetsModified:320 com.android.server.wm.Session.insetsModified:512 android.view.IWindowSession$Stub.onTransact:1398 com.android.server.wm.Session.onTransact:145 android.os.Binder.execTransactInternal:1195 android.os.Binder.execTransact:1159 <bottom of call stack> 
2327:11-16 02:19:01.870  4571  4635 I WindowManager: Reparenting to original parent: Surface(name=ActivityRecord{c81c432 u0 com.android.todolist/.MainActivity t1320})/@0xdb3f583, destroy=true, surface=Surface(name=78c7208 com.android.todolist/com.android.todolist.MainActivity)/@0x10c3523
2331:11-16 02:19:01.871  4571  4635 I SurfaceControl: release : mNativeObject = 478382030080 - Surface(name=Surface(name=78c7208 com.android.todolist/com.android.todolist.MainActivity)/@0x10c3523 - animation-leash)/@0xbb4f10c / android.view.SurfaceControl$Transaction.remove:3449 com.android.server.wm.SurfaceAnimator.removeLeash:418 com.android.server.wm.SurfaceAnimator.reset:384 com.android.server.wm.SurfaceAnimator.lambda$getFinishedCallback$0$SurfaceAnimator:110 
2336:11-16 02:19:01.872  4571  4635 D SurfaceControl: hide : mNativeObject = 476245720480 - sc.mNativeObject = 478383203840 - Surface(name=com.android.todolist/com.android.todolist.MainActivity$_2812)/@0xddcb53c
2338:11-16 02:19:01.872  4571  4635 D SurfaceControl: nativeSetFlags Done : Surface(name=com.android.todolist/com.android.todolist.MainActivity$_2812)/@0xddcb53c
2339:11-16 02:19:01.873  4571  4635 E WindowManager: win=Window{78c7208 u0 com.android.todolist/com.android.todolist.MainActivity EXITING} destroySurfaces: appStopped=false win.mWindowRemovalAllowed=true win.mRemoveOnExit=true win.mViewVisibility=0 caller=com.android.server.wm.ActivityRecord.destroySurfaces:5251 com.android.server.wm.ActivityRecord.destroySurfaces:5232 com.android.server.wm.WindowState.onExitAnimationDone:5623 com.android.server.wm.WindowStateAnimator.onAnimationFinished:332 com.android.server.wm.WindowState.onAnimationFinished:6088 com.android.server.wm.-$$Lambda$dwJG8BAnLlvKNGuDY9U3-haNY4M.onAnimationFinished:2 com.android.server.wm.SurfaceAnimator.lambda$getFinishedCallback$0$SurfaceAnimator:112 
2342:11-16 02:19:01.873  4571  4635 I WindowManager: Destroying surface Surface(name=com.android.todolist/com.android.todolist.MainActivity$_2812)/@0xddcb53c called by com.android.server.wm.WindowStateAnimator.destroySurface:1794 com.android.server.wm.WindowStateAnimator.destroySurfaceLocked:765 com.android.server.wm.WindowState.destroySurfaceUnchecked:3918 com.android.server.wm.WindowState.destroySurface:3892 com.android.server.wm.ActivityRecord.destroySurfaces:5251 com.android.server.wm.ActivityRecord.destroySurfaces:5232 com.android.server.wm.WindowState.onExitAnimationDone:5623 com.android.server.wm.WindowStateAnimator.onAnimationFinished:332 
2343:11-16 02:19:01.874  4571  4635 I SurfaceControl: release : mNativeObject = 478383203840 - Surface(name=com.android.todolist/com.android.todolist.MainActivity$_2812)/@0xddcb53c / android.view.SurfaceControl$Transaction.remove:3449 com.android.server.wm.WindowSurfaceController.destroyNotInTransaction:225 com.android.server.wm.WindowStateAnimator.destroySurface:1794 com.android.server.wm.WindowStateAnimator.destroySurfaceLocked:765 
2347:11-16 02:19:01.874  4210  4501 I Layer   : id=153109 removeFromCurrentState com.android.todolist/com.android.todolist.MainActivity$_2812#1 (73)
2349:11-16 02:19:01.875  4571  4635 I SurfaceControl: release : mNativeObject = 478383203744 - Surface(name=78c7208 com.android.todolist/com.android.todolist.MainActivity)/@0x10c3523 / android.view.SurfaceControl$Transaction.remove:3449 com.android.server.wm.WindowContainer.removeImmediately:649 com.android.server.wm.WindowState.removeImmediately:2601 com.android.server.wm.WindowState.destroySurface:3895 
2361:11-16 02:19:01.881  4210  4235 I Layer   : id=153106 removeFromCurrentState 78c7208 com.android.todolist/com.android.todolist.MainActivity#0 (73)
2363:11-16 02:19:01.881  4210  4235 I Layer   : id=153116 removeFromCurrentState Surface(name=78c7208 com.android.todolist/com.android.todolist.MainActivity)/@0x10c3523 - animation-leash#0 (73)
2365:11-16 02:19:01.881  4210  4235 I SurfaceFlinger: id=153106 Removed 78c7208 com.android.todolist/com.android.todolist.MainActivity#0 (73)
2366:11-16 02:19:01.882  4210  4501 I SurfaceFlinger: id=153116 Removed Surface(name=78c7208 com.android.todolist/com.android.todolist.MainActivity)/@0x10c3523 - animation-leash#0 (73)
2367:11-16 02:19:01.882  4210  4501 I SurfaceFlinger: id=153109 Removed com.android.todolist/com.android.todolist.MainActivity$_2812#1 (73)
2374:11-16 02:19:01.883  4210  4210 I Layer   : id=153116[1] Destroyed Surface(name=78c7208 com.android.todolist/com.android.todolist.MainActivity)/@0x10c3523 - animation-leash#0
2375:11-16 02:19:01.883  4210  4210 I Layer   : id=153106[1] Destroyed 78c7208 com.android.todolist/com.android.todolist.MainActivity#0
2384:11-16 02:19:01.887  4210  4210 I Layer   : id=153109[1] Destroyed com.android.todolist/com.android.todolist.MainActivity$_2812#1
2396:11-16 02:19:01.890  4210  4210 D SurfaceFlinger:      DEVICE | 0x79a4e14440 | 0002 | RGBA_8888    |    0.0    0.0 1080.0 2340.0 |    0    0 1080 2340 | com.android.todolist/com.android.todolist.MainActivity$_2812#0
2485:11-16 02:19:02.934  4210  4236 I SurfaceFlinger: id=153121 createSurf (0x0),-1 flag=80004, 2f2c7e6 com.android.todolist/com.android.todolist.MainActivity#0
2486:11-16 02:19:02.936  4571 10946 V WindowManager: Changing focus from Window{942b256 u0 com.android.todolist/com.android.todolist.MainActivity} to Window{2f2c7e6 u0 com.android.todolist/com.android.todolist.MainActivity} displayId=0 Callers=com.android.server.wm.RootWindowContainer.updateFocusedWindowLocked:567 com.android.server.wm.WindowManagerService.updateFocusedWindowLocked:6297 com.android.server.wm.WindowManagerService.addWindow:1958 com.android.server.wm.Session.addToDisplayAsUser:182 
2513:11-16 02:19:02.955  4571 10946 V WindowManager: Relayout Window{2f2c7e6 u0 com.android.todolist/com.android.todolist.MainActivity}: viewVisibility=0 req=1024x582
2515:11-16 02:19:02.959  4210  4236 I SurfaceFlinger: id=153124 createSurf (1192x750),1 flag=4, com.android.todolist/com.android.todolist.MainActivity$_2812#1
2516:11-16 02:19:02.962  4571 10946 D WindowManager: makeSurface duration=3 name=com.android.todolist/com.android.todolist.MainActivity$_2812
2525:11-16 02:19:02.963  4571 10946 I SurfaceControl: release : mNativeObject = 478383209888 - Surface(name=com.android.todolist/com.android.todolist.MainActivity$_2812)/@0xddab540 / android.view.SurfaceControl.writeToParcel:1136 android.view.IWindowSession$Stub.onTransact:925 com.android.server.wm.Session.onTransact:145 android.os.Binder.execTransactInternal:1190 
2545:11-16 02:19:02.983  4571 10946 D WindowManager: finishDrawingWindow: Window{2f2c7e6 u0 com.android.todolist/com.android.todolist.MainActivity} mDrawState=DRAW_PENDING
2557:11-16 02:19:02.986  4571  4635 I WindowManager: Reparenting to leash, surface=Surface(name=2f2c7e6 com.android.todolist/com.android.todolist.MainActivity)/@0x8d8dc79, leashParent=Surface(name=ActivityRecord{c81c432 u0 com.android.todolist/.MainActivity t1320})/@0xdb3f583
2560:11-16 02:19:02.986  4210  5091 I SurfaceFlinger: id=153125 createSurf (0x0),-1 flag=24004, Surface(name=2f2c7e6 com.android.todolist/com.android.todolist.MainActivity)/@0x8d8dc79 - animation-leash#0
2565:11-16 02:19:02.988  4571  4635 D WindowManager: makeSurface duration=2 leash=Surface(name=Surface(name=2f2c7e6 com.android.todolist/com.android.todolist.MainActivity)/@0x8d8dc79 - animation-leash)/@0x618edbe
2589:11-16 02:19:03.007  2812  2812 V InputMethodManager: Starting input: tba=com.android.todolist ic=null mNaviBarColor -855310 mIsGetNaviBarColorSuccess true , NavVisible : true , NavTrans : false
2649:11-16 02:19:03.045  4210  4210 D SurfaceFlinger:      DEVICE | 0x79a4e14440 | 0002 | RGBA_8888    |    0.0    0.0 1080.0 2340.0 |    0    0 1080 2340 | com.android.todolist/com.android.todolist.MainActivity$_2812#0
2651:11-16 02:19:03.045  4210  4210 D SurfaceFlinger:      DEVICE | 0x79a4e14e40 | 0000 | RGBA_8888    |   56.0    0.0 1136.0  750.0 |    0  817 1080 1567 | com.android.todolist/com.android.todolist.MainActivity$_2812#1
2660:11-16 02:19:03.153  4571  4635 I WindowManager: Reparenting to original parent: Surface(name=ActivityRecord{c81c432 u0 com.android.todolist/.MainActivity t1320})/@0xdb3f583, destroy=true, surface=Surface(name=2f2c7e6 com.android.todolist/com.android.todolist.MainActivity)/@0x8d8dc79
2661:11-16 02:19:03.153  4571  4635 I SurfaceControl: release : mNativeObject = 478382030752 - Surface(name=Surface(name=2f2c7e6 com.android.todolist/com.android.todolist.MainActivity)/@0x8d8dc79 - animation-leash)/@0x618edbe / android.view.SurfaceControl$Transaction.remove:3449 com.android.server.wm.SurfaceAnimator.removeLeash:418 com.android.server.wm.SurfaceAnimator.reset:384 com.android.server.wm.SurfaceAnimator.lambda$getFinishedCallback$0$SurfaceAnimator:110 
2664:11-16 02:19:03.155  4210  4236 I Layer   : id=153125 removeFromCurrentState Surface(name=2f2c7e6 com.android.todolist/com.android.todolist.MainActivity)/@0x8d8dc79 - animation-leash#0 (71)
2665:11-16 02:19:03.156  4210  4236 I SurfaceFlinger: id=153125 Removed Surface(name=2f2c7e6 com.android.todolist/com.android.todolist.MainActivity)/@0x8d8dc79 - animation-leash#0 (71)
2672:11-16 02:19:03.169  4210  4210 I Layer   : id=153125[1] Destroyed Surface(name=2f2c7e6 com.android.todolist/com.android.todolist.MainActivity)/@0x8d8dc79 - animation-leash#0
2692:11-16 02:19:03.909  2812  2812 V InputMethodManager: Starting input: tba=com.android.todolist ic=com.android.internal.widget.EditableInputConnection@35a1eba mNaviBarColor -855310 mIsGetNaviBarColorSuccess true , NavVisible : true , NavTrans : false
2703:11-16 02:19:03.923  2812  2812 D InputMethodManager: SSI - flag : 0 Pid : 2812 view : com.android.todolist
2764:11-16 02:19:03.946  4571 11729 D ContentCapturePerUserService: Notified activity assist data for activity: Token{ee5f43d ActivityRecord{c81c432 u0 com.android.todolist/.MainActivity t1320}} without a session Id
2851:11-16 02:19:04.044  4571  4635 D WindowManager: showInsets: types=0x8, fromIme=true, win=Window{2f2c7e6 u0 com.android.todolist/com.android.todolist.MainActivity}, from=com.android.server.wm.ImeInsetsSourceProvider.lambda$scheduleShowImePostLayout$0$ImeInsetsSourceProvider:92 com.android.server.wm.-$$Lambda$ImeInsetsSourceProvider$1aCwANZDoNIzXR0mfeN2iV_k2Yo.run:2 com.android.server.wm.ImeInsetsSourceProvider.checkShowImePostLayout:121 com.android.server.wm.DisplayContent.applySurfaceChangesTransaction:4901 com.android.server.wm.RootWindowContainer.applySurfaceChangesTransaction:1291 com.android.server.wm.RootWindowContainer.performSurfacePlacementNoTrace:1020 com.android.server.wm.RootWindowContainer.performSurfacePlacement:958 com.android.server.wm.WindowSurfacePlacer.performSurfacePlacementLoop:182 com.android.server.wm.WindowSurfacePlacer.performSurfacePlacement:131 com.android.server.wm.WindowSurfacePlacer.performSurfacePlacement:120 
2852:11-16 02:19:04.046  2812  2812 D InsetsSourceConsumer: setRequestedVisible: visible=true, type=13, host=com.android.todolist/com.android.todolist.MainActivity, from=android.view.InsetsSourceConsumer.show:229 android.view.InsetsController.showDirectly:1437 android.view.InsetsController.controlAnimationUnchecked:1110 android.view.InsetsController.applyAnimation:1417 android.view.InsetsController.show:962 android.view.ViewRootImpl$ViewRootHandler.handleMessage:6159 android.os.Handler.dispatchMessage:106 android.os.Looper.loop:246 android.app.ActivityThread.main:8512 java.lang.reflect.Method.invoke:-2 
2857:11-16 02:19:04.048  4571 11721 D InsetsSourceProvider: updateVisibility: serverVisible=true, clientVisible=true, source=InsetsSource: {mType=ITYPE_IME, mFrame=[0,1413][1080,2340], mVisible=true}, controlTarget=Window{2f2c7e6 u0 com.android.todolist/com.android.todolist.MainActivity}, from=com.android.server.wm.InsetsSourceProvider.setClientVisible:378 com.android.server.wm.InsetsSourceProvider.onInsetsModified:363 com.android.server.wm.InsetsStateController.onInsetsModified:416 com.android.server.wm.InsetsPolicy.onInsetsModified:320 com.android.server.wm.Session.insetsModified:512 android.view.IWindowSession$Stub.onTransact:1398 com.android.server.wm.Session.onTransact:145 android.os.Binder.execTransactInternal:1195 android.os.Binder.execTransact:1159 <bottom of call stack> 
2866:11-16 02:19:04.064  4571  4634 I WindowManager: Reparenting to leash, surface=Surface(name=2f2c7e6 com.android.todolist/com.android.todolist.MainActivity)/@0x8d8dc79, leashParent=Surface(name=ActivityRecord{c81c432 u0 com.android.todolist/.MainActivity t1320})/@0xdb3f583
2867:11-16 02:19:04.064  4210  4236 I SurfaceFlinger: id=153130 createSurf (0x0),-1 flag=24000, Surface(name=2f2c7e6 com.android.todolist/com.android.todolist.MainActivity)/@0x8d8dc79 - animation-leash#0
2868:11-16 02:19:04.066  4571  4634 D WindowManager: makeSurface duration=2 leash=Surface(name=Surface(name=2f2c7e6 com.android.todolist/com.android.todolist.MainActivity)/@0x8d8dc79 - animation-leash)/@0x6b3e7a5
2891:11-16 02:19:04.094  4210  4210 D SurfaceFlinger:      DEVICE | 0x79a4e12500 | 0002 | RGBA_8888    |    0.0    0.0 1080.0 2340.0 |    0    0 1080 2340 | com.android.todolist/com.android.todolist.MainActivity$_2812#0
2893:11-16 02:19:04.094  4210  4210 D SurfaceFlinger:      DEVICE | 0x79a4e14e40 | 0000 | RGBA_8888    |   56.0    0.0 1136.0  750.0 |    0  817 1080 1567 | com.android.todolist/com.android.todolist.MainActivity$_2812#1
2968:11-16 02:19:04.473  4571  4635 I WindowManager: Reparenting to original parent: Surface(name=ActivityRecord{c81c432 u0 com.android.todolist/.MainActivity t1320})/@0xdb3f583, destroy=true, surface=Surface(name=2f2c7e6 com.android.todolist/com.android.todolist.MainActivity)/@0x8d8dc79
2969:11-16 02:19:04.474  4571  4635 I SurfaceControl: release : mNativeObject = 478382027968 - Surface(name=Surface(name=2f2c7e6 com.android.todolist/com.android.todolist.MainActivity)/@0x8d8dc79 - animation-leash)/@0x6b3e7a5 / android.view.SurfaceControl$Transaction.remove:3449 com.android.server.wm.SurfaceAnimator.removeLeash:418 com.android.server.wm.SurfaceAnimator.reset:384 com.android.server.wm.SurfaceAnimator.lambda$getFinishedCallback$0$SurfaceAnimator:110 
2972:11-16 02:19:04.493  4210  5099 I Layer   : id=153130 removeFromCurrentState Surface(name=2f2c7e6 com.android.todolist/com.android.todolist.MainActivity)/@0x8d8dc79 - animation-leash#0 (71)
2973:11-16 02:19:04.497  4210  5091 I SurfaceFlinger: id=153130 Removed Surface(name=2f2c7e6 com.android.todolist/com.android.todolist.MainActivity)/@0x8d8dc79 - animation-leash#0 (71)
2976:11-16 02:19:04.506  4210  4210 I Layer   : id=153130[1] Destroyed Surface(name=2f2c7e6 com.android.todolist/com.android.todolist.MainActivity)/@0x8d8dc79 - animation-leash#0
3178:11-16 02:19:05.150  4571  4571 D GameManagerService: identifyGamePackage. com.android.todolist, mCurrentUserId: 0, callerUserId: 0
3179:11-16 02:19:05.151  4571  4571 D PkgDataHelper: getGamePkgData(). com.android.todolist
3183:11-16 02:19:05.152  4571  4571 D GameManagerService: identifyGamePackage. com.android.todolist, mCurrentUserId: 0, callerUserId: 0
3184:11-16 02:19:05.152  4571  4571 D PkgDataHelper: getGamePkgData(). com.android.todolist
3268:11-16 02:19:06.845  4210  5099 E BufferQueueProducer: [com.android.todolist/com.android.todolist.MainActivity$_2812#1](id:107200007eaf,api:0,p:-1,c:4210) disconnect: not connected (req=1)
3273:11-16 02:19:06.847  2812  2812 I SurfaceControl: release : mNativeObject = 476618373920 - Surface(name=com.android.todolist/com.android.todolist.MainActivity$_2812)/@0xcdca340 / android.view.ViewRootImpl.destroySurface:2497 android.view.ViewRootImpl.dispatchDetachedFromWindow:5719 android.view.ViewRootImpl.doDie:9350 android.view.ViewRootImpl.die:9327 
3277:11-16 02:19:06.849  4571 11563 I WindowManager: Reparenting to leash, surface=Surface(name=2f2c7e6 com.android.todolist/com.android.todolist.MainActivity)/@0x8d8dc79, leashParent=Surface(name=ActivityRecord{c81c432 u0 com.android.todolist/.MainActivity t1320})/@0xdb3f583
3278:11-16 02:19:06.849  4210  5099 I SurfaceFlinger: id=153131 createSurf (0x0),-1 flag=24000, Surface(name=2f2c7e6 com.android.todolist/com.android.todolist.MainActivity)/@0x8d8dc79 - animation-leash#0
3279:11-16 02:19:06.852  4571 11563 D WindowManager: makeSurface duration=3 leash=Surface(name=Surface(name=2f2c7e6 com.android.todolist/com.android.todolist.MainActivity)/@0x8d8dc79 - animation-leash)/@0xb6a0b59
3280:11-16 02:19:06.852  4571 11563 V WindowManager: removeIfPossible 2, Window{2f2c7e6 u0 com.android.todolist/com.android.todolist.MainActivity}: mAnimatingExit=true caller=com.android.server.wm.WindowState.removeIfPossible:2688 com.android.server.wm.WindowManagerService.removeWindow:2183 com.android.server.wm.Session.remove:199 android.view.IWindowSession$Stub.onTransact:813 com.android.server.wm.Session.onTransact:145 
3281:11-16 02:19:06.853  4571 11563 V WindowManager: Changing focus from Window{2f2c7e6 u0 com.android.todolist/com.android.todolist.MainActivity EXITING} to Window{942b256 u0 com.android.todolist/com.android.todolist.MainActivity} displayId=0 Callers=com.android.server.wm.RootWindowContainer.updateFocusedWindowLocked:567 com.android.server.wm.WindowManagerService.updateFocusedWindowLocked:6297 com.android.server.wm.WindowState.setupWindowForRemoveOnExit:2853 com.android.server.wm.WindowState.removeIfPossible:2822 
3325:11-16 02:19:06.914  2812  2812 V InputMethodManager: Starting input: tba=com.android.todolist ic=null mNaviBarColor -855310 mIsGetNaviBarColorSuccess true , NavVisible : true , NavTrans : false
3356:11-16 02:19:06.926  2812  2812 D InsetsSourceConsumer: setRequestedVisible: visible=false, type=13, host=com.android.todolist/com.android.todolist.MainActivity, from=android.view.InsetsSourceConsumer.hide:236 android.view.ImeInsetsSourceConsumer.hide:101 android.view.InsetsController.hideDirectly:1430 android.view.InsetsController.controlAnimationUnchecked:1112 android.view.InsetsController.applyAnimation:1417 android.view.InsetsController.hide:984 android.view.ViewRootImpl$ViewRootHandler.handleMessage:6163 android.os.Handler.dispatchMessage:106 android.os.Looper.loop:246 android.app.ActivityThread.main:8512 
3360:11-16 02:19:06.927  4571 11721 D InsetsSourceProvider: updateVisibility: serverVisible=true, clientVisible=false, source=InsetsSource: {mType=ITYPE_IME, mFrame=[0,1413][1080,2340], mVisible=false}, controlTarget=Window{2f2c7e6 u0 com.android.todolist/com.android.todolist.MainActivity EXITING}, from=com.android.server.wm.InsetsSourceProvider.setClientVisible:378 com.android.server.wm.InsetsSourceProvider.onInsetsModified:363 com.android.server.wm.InsetsStateController.onInsetsModified:416 com.android.server.wm.InsetsPolicy.onInsetsModified:320 com.android.server.wm.Session.insetsModified:512 android.view.IWindowSession$Stub.onTransact:1398 com.android.server.wm.Session.onTransact:145 android.os.Binder.execTransactInternal:1195 android.os.Binder.execTransact:1159 <bottom of call stack> 
3484:11-16 02:19:07.012  4571  4635 I WindowManager: Reparenting to original parent: Surface(name=ActivityRecord{c81c432 u0 com.android.todolist/.MainActivity t1320})/@0xdb3f583, destroy=true, surface=Surface(name=2f2c7e6 com.android.todolist/com.android.todolist.MainActivity)/@0x8d8dc79
3485:11-16 02:19:07.012  4571  4635 I SurfaceControl: release : mNativeObject = 478500648928 - Surface(name=Surface(name=2f2c7e6 com.android.todolist/com.android.todolist.MainActivity)/@0x8d8dc79 - animation-leash)/@0xb6a0b59 / android.view.SurfaceControl$Transaction.remove:3449 com.android.server.wm.SurfaceAnimator.removeLeash:418 com.android.server.wm.SurfaceAnimator.reset:384 com.android.server.wm.SurfaceAnimator.lambda$getFinishedCallback$0$SurfaceAnimator:110 
3488:11-16 02:19:07.014  4571  4635 D SurfaceControl: hide : mNativeObject = 476245720480 - sc.mNativeObject = 478498993024 - Surface(name=com.android.todolist/com.android.todolist.MainActivity$_2812)/@0xe7b8fce
3489:11-16 02:19:07.014  4571  4635 D SurfaceControl: nativeSetFlags Done : Surface(name=com.android.todolist/com.android.todolist.MainActivity$_2812)/@0xe7b8fce
3490:11-16 02:19:07.015  4571  4635 E WindowManager: win=Window{2f2c7e6 u0 com.android.todolist/com.android.todolist.MainActivity EXITING} destroySurfaces: appStopped=false win.mWindowRemovalAllowed=true win.mRemoveOnExit=true win.mViewVisibility=0 caller=com.android.server.wm.ActivityRecord.destroySurfaces:5251 com.android.server.wm.ActivityRecord.destroySurfaces:5232 com.android.server.wm.WindowState.onExitAnimationDone:5623 com.android.server.wm.WindowStateAnimator.onAnimationFinished:332 com.android.server.wm.WindowState.onAnimationFinished:6088 com.android.server.wm.-$$Lambda$dwJG8BAnLlvKNGuDY9U3-haNY4M.onAnimationFinished:2 com.android.server.wm.SurfaceAnimator.lambda$getFinishedCallback$0$SurfaceAnimator:112 
3491:11-16 02:19:07.015  4571  4635 I WindowManager: Destroying surface Surface(name=com.android.todolist/com.android.todolist.MainActivity$_2812)/@0xe7b8fce called by com.android.server.wm.WindowStateAnimator.destroySurface:1794 com.android.server.wm.WindowStateAnimator.destroySurfaceLocked:765 com.android.server.wm.WindowState.destroySurfaceUnchecked:3918 com.android.server.wm.WindowState.destroySurface:3892 com.android.server.wm.ActivityRecord.destroySurfaces:5251 com.android.server.wm.ActivityRecord.destroySurfaces:5232 com.android.server.wm.WindowState.onExitAnimationDone:5623 com.android.server.wm.WindowStateAnimator.onAnimationFinished:332 
3492:11-16 02:19:07.015  4571  4635 I SurfaceControl: release : mNativeObject = 478498993024 - Surface(name=com.android.todolist/com.android.todolist.MainActivity$_2812)/@0xe7b8fce / android.view.SurfaceControl$Transaction.remove:3449 com.android.server.wm.WindowSurfaceController.destroyNotInTransaction:225 com.android.server.wm.WindowStateAnimator.destroySurface:1794 com.android.server.wm.WindowStateAnimator.destroySurfaceLocked:765 
3495:11-16 02:19:07.015  4210  5091 I Layer   : id=153124 removeFromCurrentState com.android.todolist/com.android.todolist.MainActivity$_2812#1 (74)
3497:11-16 02:19:07.016  4210  4210 D SurfaceFlinger:      DEVICE | 0x79a4e14440 | 0002 | RGBA_8888    |    0.0    0.0 1080.0 2340.0 |    0    0 1080 2340 | com.android.todolist/com.android.todolist.MainActivity$_2812#0
3499:11-16 02:19:07.016  4210  4210 D SurfaceFlinger:      DEVICE | 0x79a4e15480 | 0000 | RGBA_8888    |   56.0    0.0 1136.0  750.0 |    0  373 1080 1123 | com.android.todolist/com.android.todolist.MainActivit